c:\users\y.grallan\documents\breakerengine\c-manager\x64\debug\vc143.pdb
c:\users\y.grallan\documents\breakerengine\c-manager\x64\debug\vc143.idb
c:\users\y.grallan\documents\breakerengine\c-manager\x64\debug\windowmanager.obj
c:\users\y.grallan\documents\breakerengine\c-manager\x64\debug\viewport.obj
c:\users\y.grallan\documents\breakerengine\c-manager\x64\debug\tools.obj
c:\users\y.grallan\documents\breakerengine\c-manager\x64\debug\threadmanager.obj
c:\users\y.grallan\documents\breakerengine\c-manager\x64\debug\texturemanager.obj
c:\users\y.grallan\documents\breakerengine\c-manager\x64\debug\state.obj
c:\users\y.grallan\documents\breakerengine\c-manager\x64\debug\spritemanager.obj
c:\users\y.grallan\documents\breakerengine\c-manager\x64\debug\source.obj
c:\users\y.grallan\documents\breakerengine\c-manager\x64\debug\resourcesmanager.obj
c:\users\y.grallan\documents\breakerengine\c-manager\x64\debug\particles.obj
c:\users\y.grallan\documents\breakerengine\c-manager\x64\debug\moviemanager.obj
c:\users\y.grallan\documents\breakerengine\c-manager\x64\debug\memorymanagement.obj
c:\users\y.grallan\documents\breakerengine\c-manager\x64\debug\game.obj
c:\users\y.grallan\documents\breakerengine\c-manager\x64\debug\fontmanager.obj
c:\users\y.grallan\documents\breakerengine\c-manager\x64\debug\filesystem.obj
c:\users\y.grallan\documents\breakerengine\c-manager\x64\debug\audiomanager.obj
c:\users\y.grallan\documents\breakerengine\c-manager\x64\debug\animation.obj
c:\users\y.grallan\documents\breakerengine\c-manager\x64\debug\ui.obj
c:\users\y.grallan\documents\breakerengine\x64\debug\c-manager.exe
c:\users\y.grallan\documents\breakerengine\x64\debug\c-manager.pdb
c:\users\y.grallan\documents\breakerengine\c-manager\x64\debug\c-manager.ilk
c:\users\y.grallan\documents\breakerengine\c-manager\x64\debug\game.obj.enc
c:\users\y.grallan\documents\breakerengine\c-manager\x64\debug\c-manager.tlog\cl.command.1.tlog
c:\users\y.grallan\documents\breakerengine\c-manager\x64\debug\c-manager.tlog\cl.items.tlog
c:\users\y.grallan\documents\breakerengine\c-manager\x64\debug\c-manager.tlog\cl.read.1.tlog
c:\users\y.grallan\documents\breakerengine\c-manager\x64\debug\c-manager.tlog\cl.write.1.tlog
c:\users\y.grallan\documents\breakerengine\c-manager\x64\debug\c-manager.tlog\link.command.1.tlog
c:\users\y.grallan\documents\breakerengine\c-manager\x64\debug\c-manager.tlog\link.read.1.tlog
c:\users\y.grallan\documents\breakerengine\c-manager\x64\debug\c-manager.tlog\link.secondary.1.tlog
c:\users\y.grallan\documents\breakerengine\c-manager\x64\debug\c-manager.tlog\link.write.1.tlog
